<?xml version="1.0" encoding="UTF-8"?>
<!-- Generated by org.testng.reporters.JUnitReportReporter -->
<testsuite skipped="0" hostname="MacBook-Pro-Astaroth.local" name="qaautomation.evermos.AppTest" tests="5" failures="0" timestamp="15 Nov 2021 07:03:06 GMT" time="204.683" errors="0">
  <testcase name="testTransaksiPage" time="34.994" classname="qaautomation.evermos.AppTest"/>
  <testcase name="searchProduct" time="41.833" classname="qaautomation.evermos.AppTest"/>
  <testcase name="getUrlDynamicToko" time="49.237" classname="qaautomation.evermos.AppTest"/>
  <testcase name="testAkunPage" time="44.507" classname="qaautomation.evermos.AppTest"/>
  <testcase name="testCategoryPage" time="34.112" classname="qaautomation.evermos.AppTest"/>
</testsuite> <!-- qaautomation.evermos.AppTest -->
