<?xml version="1.0" encoding="UTF-8"?>
<!-- Generated by org.testng.reporters.JUnitReportReporter -->
<testsuite skipped="0" hostname="MacBook-Pro-Astaroth.local" name="qaautomation.evermos.AppTest" tests="1" failures="0" timestamp="12 Oct 2021 03:58:18 GMT" time="21.342" errors="0">
  <testcase name="testNavMenuKontakKami" time="21.342" classname="qaautomation.evermos.AppTest"/>
</testsuite> <!-- qaautomation.evermos.AppTest -->
